<?xml version="1.0" encoding="UTF-8"?>
<testng-results ignored="0" total="3" passed="3" failed="0" skipped="0">
  <reporter-output>
  </reporter-output>
  <suite started-at="2026-02-16T20:08:25 IST" name="Default suite" finished-at="2026-02-16T20:08:40 IST" duration-ms="14613">
    <groups>
    </groups>
    <test started-at="2026-02-16T20:08:25 IST" name="Default test" finished-at="2026-02-16T20:08:40 IST" duration-ms="14613">
      <class name="tests.LoginTest">
        <test-method is-config="true" signature="setUp()[pri:0, instance:tests.LoginTest@34bde49d]" started-at="2026-02-16T20:08:25 IST" name="setUp" finished-at="2026-02-16T20:08:29 IST" duration-ms="3737" status="PASS">
          <reporter-output>
          </reporter-output>
        </test-method> <!-- setUp -->
        <test-method signature="invalidLoginTest()[pri:0, instance:tests.LoginTest@34bde49d]" started-at="2026-02-16T20:08:29 IST" name="invalidLoginTest" finished-at="2026-02-16T20:08:30 IST" duration-ms="521" status="PASS">
          <reporter-output>
          </reporter-output>
        </test-method> <!-- invalidLoginTest -->
        <test-method is-config="true" signature="tearDown()[pri:0, instance:tests.LoginTest@34bde49d]" started-at="2026-02-16T20:08:30 IST" name="tearDown" finished-at="2026-02-16T20:08:30 IST" duration-ms="506" status="PASS">
          <reporter-output>
          </reporter-output>
        </test-method> <!-- tearDown -->
        <test-method is-config="true" signature="setUp()[pri:0, instance:tests.LoginTest@34bde49d]" started-at="2026-02-16T20:08:30 IST" name="setUp" finished-at="2026-02-16T20:08:33 IST" duration-ms="2750" status="PASS">
          <reporter-output>
          </reporter-output>
        </test-method> <!-- setUp -->
        <test-method signature="validLoginTest()[pri:0, instance:tests.LoginTest@34bde49d]" started-at="2026-02-16T20:08:33 IST" name="validLoginTest" finished-at="2026-02-16T20:08:33 IST" duration-ms="525" status="PASS">
          <reporter-output>
          </reporter-output>
        </test-method> <!-- validLoginTest -->
        <test-method is-config="true" signature="tearDown()[pri:0, instance:tests.LoginTest@34bde49d]" started-at="2026-02-16T20:08:33 IST" name="tearDown" finished-at="2026-02-16T20:08:34 IST" duration-ms="524" status="PASS">
          <reporter-output>
          </reporter-output>
        </test-method> <!-- tearDown -->
      </class> <!-- tests.LoginTest -->
      <class name="tests.CartTest">
        <test-method is-config="true" signature="setUp()[pri:0, instance:tests.CartTest@29f7cefd]" started-at="2026-02-16T20:08:34 IST" name="setUp" finished-at="2026-02-16T20:08:37 IST" duration-ms="2810" status="PASS">
          <reporter-output>
          </reporter-output>
        </test-method> <!-- setUp -->
        <test-method signature="addAndRemoveProductTest()[pri:0, instance:tests.CartTest@29f7cefd]" started-at="2026-02-16T20:08:37 IST" name="addAndRemoveProductTest" finished-at="2026-02-16T20:08:39 IST" duration-ms="2558" status="PASS">
          <reporter-output>
          </reporter-output>
        </test-method> <!-- addAndRemoveProductTest -->
        <test-method is-config="true" signature="tearDown()[pri:0, instance:tests.CartTest@29f7cefd]" started-at="2026-02-16T20:08:39 IST" name="tearDown" finished-at="2026-02-16T20:08:40 IST" duration-ms="522" status="PASS">
          <reporter-output>
          </reporter-output>
        </test-method> <!-- tearDown -->
      </class> <!-- tests.CartTest -->
    </test> <!-- Default test -->
  </suite> <!-- Default suite -->
</testng-results>
