<?xml version="1.0" encoding="UTF-8"?>
<!-- Generated by org.testng.reporters.JUnitXMLReporter -->
<testsuite ignored="0" hostname="LAPTOP-RKR33DQ9" failures="0" tests="3" name="Default test" time="14.613" errors="0" timestamp="2026-02-16T20:08:40 IST">
  <testcase classname="tests.LoginTest" name="invalidLoginTest" time="0.521"/>
  <testcase classname="tests.LoginTest" name="validLoginTest" time="0.525"/>
  <testcase classname="tests.CartTest" name="addAndRemoveProductTest" time="2.558"/>
</testsuite> <!-- Default test -->
